C:\USERS\ONE\DESKTOP\GP\TASK1\PROJECT2\PROJECT2\DEBUG\ASTAR.OBJ
C:\USERS\ONE\DESKTOP\GP\TASK1\PROJECT2\PROJECT2\DEBUG\COVERAGE.OBJ
C:\USERS\ONE\DESKTOP\GP\TASK1\PROJECT2\PROJECT2\DEBUG\DIRECTGO.OBJ
C:\USERS\ONE\DESKTOP\GP\TASK1\PROJECT2\PROJECT2\DEBUG\MAIN.OBJ
C:\USERS\ONE\DESKTOP\GP\TASK1\PROJECT2\PROJECT2\DEBUG\VC110.PDB
C:\USERS\ONE\DESKTOP\GP\TASK1\PROJECT2\DEBUG\PROJECT2.ILK
C:\USERS\ONE\DESKTOP\GP\TASK1\PROJECT2\DEBUG\PROJECT2.EXE
C:\USERS\ONE\DESKTOP\GP\TASK1\PROJECT2\DEBUG\PROJECT2.PDB
C:\Users\one\Desktop\GP\Task1\Project2\Project2\Debug\astar.obj
C:\Users\one\Desktop\GP\Task1\Project2\Project2\Debug\coverage.obj
C:\Users\one\Desktop\GP\Task1\Project2\Project2\Debug\directGo.obj
C:\Users\one\Desktop\GP\Task1\Project2\Project2\Debug\main.obj
C:\Users\one\Desktop\GP\Task1\Project2\Project2\Debug\cl.command.1.tlog
C:\Users\one\Desktop\GP\Task1\Project2\Project2\Debug\CL.read.1.tlog
C:\Users\one\Desktop\GP\Task1\Project2\Project2\Debug\CL.write.1.tlog
C:\Users\one\Desktop\GP\Task1\Project2\Project2\Debug\link-cvtres.read.1.tlog
C:\Users\one\Desktop\GP\Task1\Project2\Project2\Debug\link-cvtres.write.1.tlog
C:\Users\one\Desktop\GP\Task1\Project2\Project2\Debug\link-rc.read.1.tlog
C:\Users\one\Desktop\GP\Task1\Project2\Project2\Debug\link-rc.write.1.tlog
C:\Users\one\Desktop\GP\Task1\Project2\Project2\Debug\link.command.1.tlog
C:\Users\one\Desktop\GP\Task1\Project2\Project2\Debug\link.read.1.tlog
C:\Users\one\Desktop\GP\Task1\Project2\Project2\Debug\link.write.1.tlog
C:\Users\one\Desktop\GP\Task1\Project2\Project2\Debug\vc110.idb
C:\Users\one\Desktop\GP\Task1\Project2\Project2\Debug\vc110.pdb
C:\Users\one\Desktop\GP\Task1\Project2\Debug\Project2.pdb
C:\Users\one\Desktop\GP\Task1\Project2\Debug\Project2.exe
C:\Users\one\Desktop\GP\Task1\Project2\Debug\Project2.ilk
